{"/Users/Huangying/Repositories/DevOps_HW2/test.js":{"path":"/Users/Huangying/Repositories/DevOps_HW2/test.js","s":{"1":1,"2":1,"3":1,"4":1,"5":1,"6":1,"7":1,"8":1,"9":1,"10":1,"11":1,"12":1,"13":1,"14":1,"15":1,"16":1,"17":1,"18":1,"19":1,"20":1,"21":1,"22":1,"23":1,"24":1,"25":1,"26":1,"27":1,"28":1,"29":1,"30":1,"31":1,"32":1,"33":1,"34":1,"35":1,"36":1,"37":1,"38":1,"39":1,"40":1,"41":1,"42":1,"43":1,"44":1,"45":1,"46":1,"47":1,"48":1,"49":1,"50":1,"51":1,"52":1,"53":1,"54":1,"55":1,"56":1,"57":1,"58":1,"59":1,"60":1,"61":1,"62":1,"63":1,"64":1,"65":1,"66":1,"67":1,"68":1,"69":1,"70":1,"71":1,"72":1,"73":1,"74":1,"75":1,"76":1,"77":1,"78":1,"79":1,"80":1,"81":1,"82":1,"83":1,"84":1,"85":1,"86":1,"87":1,"88":1,"89":1,"90":1,"91":1,"92":1,"93":1,"94":1,"95":1,"96":1,"97":1,"98":1,"99":1,"100":1,"101":1,"102":1,"103":1,"104":1,"105":1,"106":1,"107":1,"108":1,"109":1,"110":1,"111":1,"112":1,"113":1,"114":1,"115":1,"116":1,"117":1,"118":1,"119":1,"120":1,"121":1,"122":1,"123":1,"124":1,"125":1,"126":1,"127":1,"128":1,"129":1,"130":1,"131":1,"132":1,"133":1,"134":1,"135":1,"136":1,"137":1,"138":1,"139":1,"140":1,"141":1,"142":1,"143":1,"144":1,"145":1,"146":1,"147":1,"148":1,"149":1,"150":1,"151":1,"152":1,"153":1,"154":1,"155":1,"156":1,"157":1,"158":1,"159":1,"160":1,"161":1,"162":1,"163":1,"164":1,"165":1,"166":1,"167":1,"168":1,"169":1,"170":1,"171":1,"172":1,"173":1,"174":1,"175":1,"176":1,"177":1,"178":1,"179":1,"180":1,"181":1,"182":1,"183":1,"184":1,"185":1,"186":1,"187":1,"188":1,"189":1,"190":1,"191":1,"192":1,"193":1,"194":1,"195":1,"196":1,"197":1,"198":1,"199":1,"200":1,"201":1,"202":1,"203":1,"204":1,"205":1,"206":1,"207":1,"208":1,"209":1,"210":1,"211":1,"212":1,"213":1,"214":1,"215":1,"216":1,"217":1,"218":1,"219":1,"220":1,"221":1,"222":1,"223":1,"224":1,"225":1,"226":1,"227":1,"228":1,"229":1,"230":1,"231":1,"232":1,"233":1,"234":1,"235":1,"236":1,"237":1,"238":1,"239":1,"240":1,"241":1,"242":1,"243":1,"244":1,"245":1,"246":1,"247":1,"248":1,"249":1,"250":1,"251":1,"252":1,"253":1,"254":1,"255":1,"256":1,"257":1,"258":1,"259":1,"260":1,"261":1,"262":1,"263":1,"264":1,"265":1,"266":1,"267":1,"268":1,"269":1,"270":1,"271":1,"272":1,"273":1,"274":1,"275":1,"276":1,"277":1,"278":1,"279":1,"280":1,"281":1,"282":1,"283":1,"284":1,"285":1,"286":1,"287":1,"288":1,"289":1,"290":1,"291":1,"292":1,"293":1,"294":1,"295":1,"296":1,"297":1,"298":1,"299":1,"300":1,"301":1,"302":1,"303":1,"304":1,"305":1,"306":1,"307":1,"308":1,"309":1,"310":1,"311":1,"312":1,"313":1,"314":1,"315":1,"316":1,"317":1,"318":1,"319":1,"320":1,"321":1,"322":1,"323":1,"324":1,"325":1,"326":1,"327":1,"328":1,"329":1,"330":1,"331":1,"332":1,"333":1,"334":1,"335":1,"336":1,"337":1,"338":1,"339":1,"340":1,"341":1,"342":1,"343":1,"344":1,"345":1,"346":1,"347":1,"348":1,"349":1,"350":1,"351":1,"352":1,"353":1,"354":1,"355":1,"356":1,"357":1,"358":1,"359":1,"360":1,"361":1,"362":1,"363":1,"364":1,"365":1,"366":1,"367":1,"368":1,"369":1,"370":1,"371":1,"372":1,"373":1,"374":1,"375":1,"376":1,"377":1,"378":1,"379":1,"380":1,"381":1,"382":1,"383":1,"384":1,"385":1,"386":1,"387":1,"388":1,"389":1,"390":1,"391":1,"392":1,"393":1,"394":1,"395":1,"396":1,"397":1,"398":1,"399":1,"400":1,"401":1,"402":1,"403":1,"404":1,"405":1,"406":1,"407":1,"408":1,"409":1,"410":1,"411":1,"412":1,"413":1,"414":1,"415":1,"416":1,"417":1,"418":1,"419":1,"420":1,"421":1,"422":1,"423":1,"424":1,"425":1,"426":1,"427":1,"428":1,"429":1,"430":1,"431":1,"432":1,"433":1,"434":1,"435":1,"436":1,"437":1,"438":1,"439":1,"440":1,"441":1,"442":1,"443":1,"444":1,"445":1,"446":1,"447":1,"448":1,"449":1,"450":1,"451":1,"452":1,"453":1,"454":1,"455":1,"456":1,"457":1,"458":1,"459":1,"460":1,"461":1,"462":1,"463":1,"464":1,"465":1,"466":1,"467":1,"468":1,"469":1,"470":1,"471":1,"472":1,"473":1,"474":1,"475":1,"476":1,"477":1,"478":1,"479":1,"480":1,"481":1,"482":1,"483":1,"484":1,"485":1,"486":1,"487":1,"488":1,"489":1,"490":1,"491":1,"492":1,"493":1,"494":1,"495":1,"496":1,"497":1,"498":1,"499":1,"500":1,"501":1,"502":1,"503":1,"504":1,"505":1,"506":1,"507":1,"508":1,"509":1,"510":1,"511":1,"512":1,"513":1,"514":1,"515":1,"516":1,"517":1,"518":1,"519":1,"520":1,"521":1,"522":1,"523":1,"524":1,"525":1,"526":1,"527":1,"528":1,"529":1,"530":1,"531":1,"532":1,"533":1,"534":1,"535":1,"536":1,"537":1,"538":1,"539":1,"540":1,"541":1,"542":1,"543":1,"544":1,"545":1,"546":1,"547":1,"548":1,"549":1,"550":1,"551":1,"552":1,"553":1,"554":1,"555":1,"556":1,"557":1,"558":1,"559":1,"560":1,"561":1,"562":1,"563":1,"564":1,"565":1,"566":1,"567":1,"568":1,"569":1,"570":1,"571":1,"572":1,"573":1,"574":1,"575":1,"576":1,"577":1,"578":1,"579":1,"580":1,"581":1,"582":1,"583":1,"584":1,"585":1,"586":1,"587":1,"588":1,"589":1,"590":1,"591":1,"592":1,"593":1,"594":1,"595":1,"596":1,"597":1,"598":1,"599":1,"600":1,"601":1,"602":1,"603":1,"604":1,"605":1,"606":1,"607":1,"608":1,"609":1,"610":1,"611":1,"612":1,"613":1,"614":1,"615":1,"616":1,"617":1,"618":1,"619":1,"620":1,"621":1,"622":1,"623":1,"624":1,"625":1,"626":1,"627":1,"628":1,"629":1,"630":1,"631":1,"632":1,"633":1,"634":1,"635":1,"636":1,"637":1,"638":1,"639":1,"640":1,"641":1,"642":1,"643":1,"644":1,"645":1,"646":1,"647":1,"648":1,"649":1,"650":1,"651":1,"652":1,"653":1,"654":1,"655":1},"b":{},"f":{},"fnMap":{},"statementMap":{"1":{"start":{"line":1,"column":0},"end":{"line":1,"column":37}},"2":{"start":{"line":2,"column":0},"end":{"line":2,"column":30}},"3":{"start":{"line":3,"column":0},"end":{"line":3,"column":25}},"4":{"start":{"line":4,"column":0},"end":{"line":4,"column":26}},"5":{"start":{"line":5,"column":0},"end":{"line":5,"column":35}},"6":{"start":{"line":6,"column":0},"end":{"line":6,"column":34}},"7":{"start":{"line":7,"column":0},"end":{"line":7,"column":36}},"8":{"start":{"line":8,"column":0},"end":{"line":8,"column":35}},"9":{"start":{"line":9,"column":0},"end":{"line":9,"column":35}},"10":{"start":{"line":10,"column":0},"end":{"line":10,"column":34}},"11":{"start":{"line":11,"column":0},"end":{"line":11,"column":36}},"12":{"start":{"line":12,"column":0},"end":{"line":12,"column":35}},"13":{"start":{"line":13,"column":0},"end":{"line":13,"column":32}},"14":{"start":{"line":14,"column":0},"end":{"line":14,"column":31}},"15":{"start":{"line":15,"column":0},"end":{"line":15,"column":33}},"16":{"start":{"line":16,"column":0},"end":{"line":16,"column":32}},"17":{"start":{"line":17,"column":0},"end":{"line":17,"column":32}},"18":{"start":{"line":18,"column":0},"end":{"line":18,"column":31}},"19":{"start":{"line":19,"column":0},"end":{"line":19,"column":33}},"20":{"start":{"line":20,"column":0},"end":{"line":20,"column":32}},"21":{"start":{"line":21,"column":0},"end":{"line":21,"column":30}},"22":{"start":{"line":22,"column":0},"end":{"line":22,"column":29}},"23":{"start":{"line":23,"column":0},"end":{"line":23,"column":31}},"24":{"start":{"line":24,"column":0},"end":{"line":24,"column":30}},"25":{"start":{"line":25,"column":0},"end":{"line":25,"column":30}},"26":{"start":{"line":26,"column":0},"end":{"line":26,"column":29}},"27":{"start":{"line":27,"column":0},"end":{"line":27,"column":31}},"28":{"start":{"line":28,"column":0},"end":{"line":28,"column":30}},"29":{"start":{"line":29,"column":0},"end":{"line":29,"column":32}},"30":{"start":{"line":30,"column":0},"end":{"line":30,"column":31}},"31":{"start":{"line":31,"column":0},"end":{"line":31,"column":33}},"32":{"start":{"line":32,"column":0},"end":{"line":32,"column":32}},"33":{"start":{"line":33,"column":0},"end":{"line":33,"column":32}},"34":{"start":{"line":34,"column":0},"end":{"line":34,"column":31}},"35":{"start":{"line":35,"column":0},"end":{"line":35,"column":33}},"36":{"start":{"line":36,"column":0},"end":{"line":36,"column":32}},"37":{"start":{"line":37,"column":0},"end":{"line":37,"column":35}},"38":{"start":{"line":38,"column":0},"end":{"line":38,"column":34}},"39":{"start":{"line":39,"column":0},"end":{"line":39,"column":36}},"40":{"start":{"line":40,"column":0},"end":{"line":40,"column":35}},"41":{"start":{"line":41,"column":0},"end":{"line":41,"column":35}},"42":{"start":{"line":42,"column":0},"end":{"line":42,"column":34}},"43":{"start":{"line":43,"column":0},"end":{"line":43,"column":36}},"44":{"start":{"line":44,"column":0},"end":{"line":44,"column":35}},"45":{"start":{"line":45,"column":0},"end":{"line":45,"column":54}},"46":{"start":{"line":46,"column":0},"end":{"line":46,"column":56}},"47":{"start":{"line":47,"column":0},"end":{"line":47,"column":22}},"48":{"start":{"line":48,"column":0},"end":{"line":48,"column":39}},"49":{"start":{"line":49,"column":0},"end":{"line":49,"column":40}},"50":{"start":{"line":50,"column":0},"end":{"line":50,"column":28}},"51":{"start":{"line":51,"column":0},"end":{"line":51,"column":28}},"52":{"start":{"line":52,"column":0},"end":{"line":52,"column":25}},"53":{"start":{"line":53,"column":0},"end":{"line":53,"column":26}},"54":{"start":{"line":54,"column":0},"end":{"line":54,"column":35}},"55":{"start":{"line":55,"column":0},"end":{"line":55,"column":34}},"56":{"start":{"line":56,"column":0},"end":{"line":56,"column":36}},"57":{"start":{"line":57,"column":0},"end":{"line":57,"column":35}},"58":{"start":{"line":58,"column":0},"end":{"line":58,"column":35}},"59":{"start":{"line":59,"column":0},"end":{"line":59,"column":34}},"60":{"start":{"line":60,"column":0},"end":{"line":60,"column":36}},"61":{"start":{"line":61,"column":0},"end":{"line":61,"column":35}},"62":{"start":{"line":62,"column":0},"end":{"line":62,"column":32}},"63":{"start":{"line":63,"column":0},"end":{"line":63,"column":31}},"64":{"start":{"line":64,"column":0},"end":{"line":64,"column":33}},"65":{"start":{"line":65,"column":0},"end":{"line":65,"column":32}},"66":{"start":{"line":66,"column":0},"end":{"line":66,"column":32}},"67":{"start":{"line":67,"column":0},"end":{"line":67,"column":31}},"68":{"start":{"line":68,"column":0},"end":{"line":68,"column":33}},"69":{"start":{"line":69,"column":0},"end":{"line":69,"column":32}},"70":{"start":{"line":70,"column":0},"end":{"line":70,"column":30}},"71":{"start":{"line":71,"column":0},"end":{"line":71,"column":29}},"72":{"start":{"line":72,"column":0},"end":{"line":72,"column":31}},"73":{"start":{"line":73,"column":0},"end":{"line":73,"column":30}},"74":{"start":{"line":74,"column":0},"end":{"line":74,"column":30}},"75":{"start":{"line":75,"column":0},"end":{"line":75,"column":29}},"76":{"start":{"line":76,"column":0},"end":{"line":76,"column":31}},"77":{"start":{"line":77,"column":0},"end":{"line":77,"column":30}},"78":{"start":{"line":78,"column":0},"end":{"line":78,"column":32}},"79":{"start":{"line":79,"column":0},"end":{"line":79,"column":31}},"80":{"start":{"line":80,"column":0},"end":{"line":80,"column":33}},"81":{"start":{"line":81,"column":0},"end":{"line":81,"column":32}},"82":{"start":{"line":82,"column":0},"end":{"line":82,"column":32}},"83":{"start":{"line":83,"column":0},"end":{"line":83,"column":31}},"84":{"start":{"line":84,"column":0},"end":{"line":84,"column":33}},"85":{"start":{"line":85,"column":0},"end":{"line":85,"column":32}},"86":{"start":{"line":86,"column":0},"end":{"line":86,"column":35}},"87":{"start":{"line":87,"column":0},"end":{"line":87,"column":34}},"88":{"start":{"line":88,"column":0},"end":{"line":88,"column":36}},"89":{"start":{"line":89,"column":0},"end":{"line":89,"column":35}},"90":{"start":{"line":90,"column":0},"end":{"line":90,"column":35}},"91":{"start":{"line":91,"column":0},"end":{"line":91,"column":34}},"92":{"start":{"line":92,"column":0},"end":{"line":92,"column":36}},"93":{"start":{"line":93,"column":0},"end":{"line":93,"column":35}},"94":{"start":{"line":94,"column":0},"end":{"line":94,"column":54}},"95":{"start":{"line":95,"column":0},"end":{"line":95,"column":56}},"96":{"start":{"line":96,"column":0},"end":{"line":96,"column":22}},"97":{"start":{"line":97,"column":0},"end":{"line":97,"column":39}},"98":{"start":{"line":98,"column":0},"end":{"line":98,"column":40}},"99":{"start":{"line":99,"column":0},"end":{"line":99,"column":28}},"100":{"start":{"line":100,"column":0},"end":{"line":100,"column":28}},"101":{"start":{"line":101,"column":0},"end":{"line":101,"column":25}},"102":{"start":{"line":102,"column":0},"end":{"line":102,"column":26}},"103":{"start":{"line":103,"column":0},"end":{"line":103,"column":35}},"104":{"start":{"line":104,"column":0},"end":{"line":104,"column":34}},"105":{"start":{"line":105,"column":0},"end":{"line":105,"column":36}},"106":{"start":{"line":106,"column":0},"end":{"line":106,"column":35}},"107":{"start":{"line":107,"column":0},"end":{"line":107,"column":35}},"108":{"start":{"line":108,"column":0},"end":{"line":108,"column":34}},"109":{"start":{"line":109,"column":0},"end":{"line":109,"column":36}},"110":{"start":{"line":110,"column":0},"end":{"line":110,"column":35}},"111":{"start":{"line":111,"column":0},"end":{"line":111,"column":32}},"112":{"start":{"line":112,"column":0},"end":{"line":112,"column":31}},"113":{"start":{"line":113,"column":0},"end":{"line":113,"column":33}},"114":{"start":{"line":114,"column":0},"end":{"line":114,"column":32}},"115":{"start":{"line":115,"column":0},"end":{"line":115,"column":32}},"116":{"start":{"line":116,"column":0},"end":{"line":116,"column":31}},"117":{"start":{"line":117,"column":0},"end":{"line":117,"column":33}},"118":{"start":{"line":118,"column":0},"end":{"line":118,"column":32}},"119":{"start":{"line":119,"column":0},"end":{"line":119,"column":30}},"120":{"start":{"line":120,"column":0},"end":{"line":120,"column":29}},"121":{"start":{"line":121,"column":0},"end":{"line":121,"column":31}},"122":{"start":{"line":122,"column":0},"end":{"line":122,"column":30}},"123":{"start":{"line":123,"column":0},"end":{"line":123,"column":30}},"124":{"start":{"line":124,"column":0},"end":{"line":124,"column":29}},"125":{"start":{"line":125,"column":0},"end":{"line":125,"column":31}},"126":{"start":{"line":126,"column":0},"end":{"line":126,"column":30}},"127":{"start":{"line":127,"column":0},"end":{"line":127,"column":32}},"128":{"start":{"line":128,"column":0},"end":{"line":128,"column":31}},"129":{"start":{"line":129,"column":0},"end":{"line":129,"column":33}},"130":{"start":{"line":130,"column":0},"end":{"line":130,"column":32}},"131":{"start":{"line":131,"column":0},"end":{"line":131,"column":32}},"132":{"start":{"line":132,"column":0},"end":{"line":132,"column":31}},"133":{"start":{"line":133,"column":0},"end":{"line":133,"column":33}},"134":{"start":{"line":134,"column":0},"end":{"line":134,"column":32}},"135":{"start":{"line":135,"column":0},"end":{"line":135,"column":35}},"136":{"start":{"line":136,"column":0},"end":{"line":136,"column":34}},"137":{"start":{"line":137,"column":0},"end":{"line":137,"column":36}},"138":{"start":{"line":138,"column":0},"end":{"line":138,"column":35}},"139":{"start":{"line":139,"column":0},"end":{"line":139,"column":35}},"140":{"start":{"line":140,"column":0},"end":{"line":140,"column":34}},"141":{"start":{"line":141,"column":0},"end":{"line":141,"column":36}},"142":{"start":{"line":142,"column":0},"end":{"line":142,"column":35}},"143":{"start":{"line":143,"column":0},"end":{"line":143,"column":54}},"144":{"start":{"line":144,"column":0},"end":{"line":144,"column":56}},"145":{"start":{"line":145,"column":0},"end":{"line":145,"column":22}},"146":{"start":{"line":146,"column":0},"end":{"line":146,"column":39}},"147":{"start":{"line":147,"column":0},"end":{"line":147,"column":40}},"148":{"start":{"line":148,"column":0},"end":{"line":148,"column":28}},"149":{"start":{"line":149,"column":0},"end":{"line":149,"column":66}},"150":{"start":{"line":150,"column":1},"end":{"line":150,"column":29}},"151":{"start":{"line":151,"column":0},"end":{"line":151,"column":15}},"152":{"start":{"line":152,"column":0},"end":{"line":152,"column":68}},"153":{"start":{"line":153,"column":1},"end":{"line":153,"column":29}},"154":{"start":{"line":154,"column":0},"end":{"line":154,"column":15}},"155":{"start":{"line":155,"column":0},"end":{"line":155,"column":78}},"156":{"start":{"line":156,"column":1},"end":{"line":156,"column":29}},"157":{"start":{"line":157,"column":0},"end":{"line":157,"column":15}},"158":{"start":{"line":158,"column":0},"end":{"line":158,"column":56}},"159":{"start":{"line":159,"column":1},"end":{"line":159,"column":29}},"160":{"start":{"line":160,"column":0},"end":{"line":160,"column":15}},"161":{"start":{"line":161,"column":0},"end":{"line":161,"column":78}},"162":{"start":{"line":162,"column":1},"end":{"line":162,"column":29}},"163":{"start":{"line":163,"column":0},"end":{"line":163,"column":15}},"164":{"start":{"line":164,"column":0},"end":{"line":164,"column":68}},"165":{"start":{"line":165,"column":1},"end":{"line":165,"column":29}},"166":{"start":{"line":166,"column":0},"end":{"line":166,"column":15}},"167":{"start":{"line":167,"column":0},"end":{"line":167,"column":66}},"168":{"start":{"line":168,"column":1},"end":{"line":168,"column":29}},"169":{"start":{"line":169,"column":0},"end":{"line":169,"column":15}},"170":{"start":{"line":170,"column":0},"end":{"line":170,"column":68}},"171":{"start":{"line":171,"column":1},"end":{"line":171,"column":29}},"172":{"start":{"line":172,"column":0},"end":{"line":172,"column":15}},"173":{"start":{"line":173,"column":0},"end":{"line":173,"column":66}},"174":{"start":{"line":174,"column":1},"end":{"line":174,"column":29}},"175":{"start":{"line":175,"column":0},"end":{"line":175,"column":15}},"176":{"start":{"line":176,"column":0},"end":{"line":176,"column":78}},"177":{"start":{"line":177,"column":1},"end":{"line":177,"column":29}},"178":{"start":{"line":178,"column":0},"end":{"line":178,"column":15}},"179":{"start":{"line":179,"column":0},"end":{"line":179,"column":68}},"180":{"start":{"line":180,"column":1},"end":{"line":180,"column":29}},"181":{"start":{"line":181,"column":0},"end":{"line":181,"column":15}},"182":{"start":{"line":182,"column":0},"end":{"line":182,"column":66}},"183":{"start":{"line":183,"column":1},"end":{"line":183,"column":29}},"184":{"start":{"line":184,"column":0},"end":{"line":184,"column":15}},"185":{"start":{"line":185,"column":0},"end":{"line":185,"column":68}},"186":{"start":{"line":186,"column":1},"end":{"line":186,"column":29}},"187":{"start":{"line":187,"column":0},"end":{"line":187,"column":15}},"188":{"start":{"line":188,"column":0},"end":{"line":188,"column":66}},"189":{"start":{"line":189,"column":1},"end":{"line":189,"column":29}},"190":{"start":{"line":190,"column":0},"end":{"line":190,"column":15}},"191":{"start":{"line":191,"column":0},"end":{"line":191,"column":68}},"192":{"start":{"line":192,"column":1},"end":{"line":192,"column":29}},"193":{"start":{"line":193,"column":0},"end":{"line":193,"column":15}},"194":{"start":{"line":194,"column":0},"end":{"line":194,"column":56}},"195":{"start":{"line":195,"column":1},"end":{"line":195,"column":29}},"196":{"start":{"line":196,"column":0},"end":{"line":196,"column":15}},"197":{"start":{"line":197,"column":0},"end":{"line":197,"column":68}},"198":{"start":{"line":198,"column":1},"end":{"line":198,"column":29}},"199":{"start":{"line":199,"column":0},"end":{"line":199,"column":15}},"200":{"start":{"line":200,"column":0},"end":{"line":200,"column":56}},"201":{"start":{"line":201,"column":1},"end":{"line":201,"column":29}},"202":{"start":{"line":202,"column":0},"end":{"line":202,"column":15}},"203":{"start":{"line":203,"column":0},"end":{"line":203,"column":68}},"204":{"start":{"line":204,"column":1},"end":{"line":204,"column":29}},"205":{"start":{"line":205,"column":0},"end":{"line":205,"column":15}},"206":{"start":{"line":206,"column":0},"end":{"line":206,"column":66}},"207":{"start":{"line":207,"column":1},"end":{"line":207,"column":29}},"208":{"start":{"line":208,"column":0},"end":{"line":208,"column":15}},"209":{"start":{"line":209,"column":0},"end":{"line":209,"column":56}},"210":{"start":{"line":210,"column":1},"end":{"line":210,"column":29}},"211":{"start":{"line":211,"column":0},"end":{"line":211,"column":15}},"212":{"start":{"line":212,"column":0},"end":{"line":212,"column":68}},"213":{"start":{"line":213,"column":1},"end":{"line":213,"column":29}},"214":{"start":{"line":214,"column":0},"end":{"line":214,"column":15}},"215":{"start":{"line":215,"column":0},"end":{"line":215,"column":68}},"216":{"start":{"line":216,"column":1},"end":{"line":216,"column":29}},"217":{"start":{"line":217,"column":0},"end":{"line":217,"column":15}},"218":{"start":{"line":218,"column":0},"end":{"line":218,"column":78}},"219":{"start":{"line":219,"column":1},"end":{"line":219,"column":29}},"220":{"start":{"line":220,"column":0},"end":{"line":220,"column":15}},"221":{"start":{"line":221,"column":0},"end":{"line":221,"column":66}},"222":{"start":{"line":222,"column":1},"end":{"line":222,"column":29}},"223":{"start":{"line":223,"column":0},"end":{"line":223,"column":15}},"224":{"start":{"line":224,"column":0},"end":{"line":224,"column":78}},"225":{"start":{"line":225,"column":1},"end":{"line":225,"column":29}},"226":{"start":{"line":226,"column":0},"end":{"line":226,"column":15}},"227":{"start":{"line":227,"column":0},"end":{"line":227,"column":66}},"228":{"start":{"line":228,"column":1},"end":{"line":228,"column":29}},"229":{"start":{"line":229,"column":0},"end":{"line":229,"column":15}},"230":{"start":{"line":230,"column":0},"end":{"line":230,"column":66}},"231":{"start":{"line":231,"column":1},"end":{"line":231,"column":29}},"232":{"start":{"line":232,"column":0},"end":{"line":232,"column":15}},"233":{"start":{"line":233,"column":0},"end":{"line":233,"column":66}},"234":{"start":{"line":234,"column":1},"end":{"line":234,"column":29}},"235":{"start":{"line":235,"column":0},"end":{"line":235,"column":15}},"236":{"start":{"line":236,"column":0},"end":{"line":236,"column":56}},"237":{"start":{"line":237,"column":1},"end":{"line":237,"column":29}},"238":{"start":{"line":238,"column":0},"end":{"line":238,"column":15}},"239":{"start":{"line":239,"column":0},"end":{"line":239,"column":35}},"240":{"start":{"line":240,"column":1},"end":{"line":240,"column":29}},"241":{"start":{"line":241,"column":0},"end":{"line":241,"column":15}},"242":{"start":{"line":242,"column":0},"end":{"line":242,"column":35}},"243":{"start":{"line":243,"column":1},"end":{"line":243,"column":29}},"244":{"start":{"line":244,"column":0},"end":{"line":244,"column":15}},"245":{"start":{"line":245,"column":0},"end":{"line":245,"column":47}},"246":{"start":{"line":246,"column":1},"end":{"line":246,"column":29}},"247":{"start":{"line":247,"column":0},"end":{"line":247,"column":15}},"248":{"start":{"line":248,"column":0},"end":{"line":248,"column":47}},"249":{"start":{"line":249,"column":1},"end":{"line":249,"column":29}},"250":{"start":{"line":250,"column":0},"end":{"line":250,"column":15}},"251":{"start":{"line":251,"column":0},"end":{"line":251,"column":35}},"252":{"start":{"line":252,"column":1},"end":{"line":252,"column":29}},"253":{"start":{"line":253,"column":0},"end":{"line":253,"column":15}},"254":{"start":{"line":254,"column":0},"end":{"line":254,"column":35}},"255":{"start":{"line":255,"column":1},"end":{"line":255,"column":29}},"256":{"start":{"line":256,"column":0},"end":{"line":256,"column":15}},"257":{"start":{"line":257,"column":0},"end":{"line":257,"column":35}},"258":{"start":{"line":258,"column":1},"end":{"line":258,"column":29}},"259":{"start":{"line":259,"column":0},"end":{"line":259,"column":15}},"260":{"start":{"line":260,"column":0},"end":{"line":260,"column":35}},"261":{"start":{"line":261,"column":1},"end":{"line":261,"column":29}},"262":{"start":{"line":262,"column":0},"end":{"line":262,"column":15}},"263":{"start":{"line":263,"column":0},"end":{"line":263,"column":35}},"264":{"start":{"line":264,"column":1},"end":{"line":264,"column":29}},"265":{"start":{"line":265,"column":0},"end":{"line":265,"column":15}},"266":{"start":{"line":266,"column":0},"end":{"line":266,"column":47}},"267":{"start":{"line":267,"column":1},"end":{"line":267,"column":29}},"268":{"start":{"line":268,"column":0},"end":{"line":268,"column":15}},"269":{"start":{"line":269,"column":0},"end":{"line":269,"column":47}},"270":{"start":{"line":270,"column":1},"end":{"line":270,"column":29}},"271":{"start":{"line":271,"column":0},"end":{"line":271,"column":15}},"272":{"start":{"line":272,"column":0},"end":{"line":272,"column":47}},"273":{"start":{"line":273,"column":1},"end":{"line":273,"column":29}},"274":{"start":{"line":274,"column":0},"end":{"line":274,"column":15}},"275":{"start":{"line":275,"column":0},"end":{"line":275,"column":35}},"276":{"start":{"line":276,"column":1},"end":{"line":276,"column":29}},"277":{"start":{"line":277,"column":0},"end":{"line":277,"column":15}},"278":{"start":{"line":278,"column":0},"end":{"line":278,"column":35}},"279":{"start":{"line":279,"column":1},"end":{"line":279,"column":29}},"280":{"start":{"line":280,"column":0},"end":{"line":280,"column":15}},"281":{"start":{"line":281,"column":0},"end":{"line":281,"column":35}},"282":{"start":{"line":282,"column":1},"end":{"line":282,"column":29}},"283":{"start":{"line":283,"column":0},"end":{"line":283,"column":15}},"284":{"start":{"line":284,"column":0},"end":{"line":284,"column":47}},"285":{"start":{"line":285,"column":1},"end":{"line":285,"column":29}},"286":{"start":{"line":286,"column":0},"end":{"line":286,"column":15}},"287":{"start":{"line":287,"column":0},"end":{"line":287,"column":47}},"288":{"start":{"line":288,"column":1},"end":{"line":288,"column":29}},"289":{"start":{"line":289,"column":0},"end":{"line":289,"column":15}},"290":{"start":{"line":290,"column":0},"end":{"line":290,"column":47}},"291":{"start":{"line":291,"column":1},"end":{"line":291,"column":29}},"292":{"start":{"line":292,"column":0},"end":{"line":292,"column":15}},"293":{"start":{"line":293,"column":0},"end":{"line":293,"column":35}},"294":{"start":{"line":294,"column":1},"end":{"line":294,"column":29}},"295":{"start":{"line":295,"column":0},"end":{"line":295,"column":15}},"296":{"start":{"line":296,"column":0},"end":{"line":296,"column":35}},"297":{"start":{"line":297,"column":1},"end":{"line":297,"column":29}},"298":{"start":{"line":298,"column":0},"end":{"line":298,"column":15}},"299":{"start":{"line":299,"column":0},"end":{"line":299,"column":47}},"300":{"start":{"line":300,"column":1},"end":{"line":300,"column":29}},"301":{"start":{"line":301,"column":0},"end":{"line":301,"column":15}},"302":{"start":{"line":302,"column":0},"end":{"line":302,"column":47}},"303":{"start":{"line":303,"column":1},"end":{"line":303,"column":29}},"304":{"start":{"line":304,"column":0},"end":{"line":304,"column":15}},"305":{"start":{"line":305,"column":0},"end":{"line":305,"column":47}},"306":{"start":{"line":306,"column":1},"end":{"line":306,"column":29}},"307":{"start":{"line":307,"column":0},"end":{"line":307,"column":15}},"308":{"start":{"line":308,"column":0},"end":{"line":308,"column":35}},"309":{"start":{"line":309,"column":1},"end":{"line":309,"column":29}},"310":{"start":{"line":310,"column":0},"end":{"line":310,"column":15}},"311":{"start":{"line":311,"column":0},"end":{"line":311,"column":47}},"312":{"start":{"line":312,"column":1},"end":{"line":312,"column":29}},"313":{"start":{"line":313,"column":0},"end":{"line":313,"column":15}},"314":{"start":{"line":314,"column":0},"end":{"line":314,"column":35}},"315":{"start":{"line":315,"column":1},"end":{"line":315,"column":29}},"316":{"start":{"line":316,"column":0},"end":{"line":316,"column":15}},"317":{"start":{"line":317,"column":0},"end":{"line":317,"column":47}},"318":{"start":{"line":318,"column":1},"end":{"line":318,"column":29}},"319":{"start":{"line":319,"column":0},"end":{"line":319,"column":15}},"320":{"start":{"line":320,"column":0},"end":{"line":320,"column":35}},"321":{"start":{"line":321,"column":1},"end":{"line":321,"column":29}},"322":{"start":{"line":322,"column":0},"end":{"line":322,"column":15}},"323":{"start":{"line":323,"column":0},"end":{"line":323,"column":35}},"324":{"start":{"line":324,"column":1},"end":{"line":324,"column":29}},"325":{"start":{"line":325,"column":0},"end":{"line":325,"column":15}},"326":{"start":{"line":326,"column":0},"end":{"line":326,"column":47}},"327":{"start":{"line":327,"column":1},"end":{"line":327,"column":29}},"328":{"start":{"line":328,"column":0},"end":{"line":328,"column":15}},"329":{"start":{"line":329,"column":0},"end":{"line":329,"column":39}},"330":{"start":{"line":330,"column":1},"end":{"line":330,"column":29}},"331":{"start":{"line":331,"column":0},"end":{"line":331,"column":15}},"332":{"start":{"line":332,"column":0},"end":{"line":332,"column":29}},"333":{"start":{"line":333,"column":1},"end":{"line":333,"column":29}},"334":{"start":{"line":334,"column":0},"end":{"line":334,"column":15}},"335":{"start":{"line":335,"column":0},"end":{"line":335,"column":39}},"336":{"start":{"line":336,"column":1},"end":{"line":336,"column":29}},"337":{"start":{"line":337,"column":0},"end":{"line":337,"column":15}},"338":{"start":{"line":338,"column":0},"end":{"line":338,"column":29}},"339":{"start":{"line":339,"column":1},"end":{"line":339,"column":29}},"340":{"start":{"line":340,"column":0},"end":{"line":340,"column":15}},"341":{"start":{"line":341,"column":0},"end":{"line":341,"column":29}},"342":{"start":{"line":342,"column":1},"end":{"line":342,"column":29}},"343":{"start":{"line":343,"column":0},"end":{"line":343,"column":15}},"344":{"start":{"line":344,"column":0},"end":{"line":344,"column":29}},"345":{"start":{"line":345,"column":1},"end":{"line":345,"column":29}},"346":{"start":{"line":346,"column":0},"end":{"line":346,"column":15}},"347":{"start":{"line":347,"column":0},"end":{"line":347,"column":39}},"348":{"start":{"line":348,"column":1},"end":{"line":348,"column":29}},"349":{"start":{"line":349,"column":0},"end":{"line":349,"column":15}},"350":{"start":{"line":350,"column":0},"end":{"line":350,"column":39}},"351":{"start":{"line":351,"column":1},"end":{"line":351,"column":29}},"352":{"start":{"line":352,"column":0},"end":{"line":352,"column":15}},"353":{"start":{"line":353,"column":0},"end":{"line":353,"column":29}},"354":{"start":{"line":354,"column":1},"end":{"line":354,"column":29}},"355":{"start":{"line":355,"column":0},"end":{"line":355,"column":15}},"356":{"start":{"line":356,"column":0},"end":{"line":356,"column":39}},"357":{"start":{"line":357,"column":1},"end":{"line":357,"column":29}},"358":{"start":{"line":358,"column":0},"end":{"line":358,"column":15}},"359":{"start":{"line":359,"column":0},"end":{"line":359,"column":39}},"360":{"start":{"line":360,"column":1},"end":{"line":360,"column":29}},"361":{"start":{"line":361,"column":0},"end":{"line":361,"column":15}},"362":{"start":{"line":362,"column":0},"end":{"line":362,"column":29}},"363":{"start":{"line":363,"column":1},"end":{"line":363,"column":29}},"364":{"start":{"line":364,"column":0},"end":{"line":364,"column":15}},"365":{"start":{"line":365,"column":0},"end":{"line":365,"column":39}},"366":{"start":{"line":366,"column":1},"end":{"line":366,"column":29}},"367":{"start":{"line":367,"column":0},"end":{"line":367,"column":15}},"368":{"start":{"line":368,"column":0},"end":{"line":368,"column":39}},"369":{"start":{"line":369,"column":1},"end":{"line":369,"column":29}},"370":{"start":{"line":370,"column":0},"end":{"line":370,"column":15}},"371":{"start":{"line":371,"column":0},"end":{"line":371,"column":39}},"372":{"start":{"line":372,"column":1},"end":{"line":372,"column":29}},"373":{"start":{"line":373,"column":0},"end":{"line":373,"column":15}},"374":{"start":{"line":374,"column":0},"end":{"line":374,"column":29}},"375":{"start":{"line":375,"column":1},"end":{"line":375,"column":29}},"376":{"start":{"line":376,"column":0},"end":{"line":376,"column":15}},"377":{"start":{"line":377,"column":0},"end":{"line":377,"column":29}},"378":{"start":{"line":378,"column":1},"end":{"line":378,"column":29}},"379":{"start":{"line":379,"column":0},"end":{"line":379,"column":15}},"380":{"start":{"line":380,"column":0},"end":{"line":380,"column":29}},"381":{"start":{"line":381,"column":1},"end":{"line":381,"column":29}},"382":{"start":{"line":382,"column":0},"end":{"line":382,"column":15}},"383":{"start":{"line":383,"column":0},"end":{"line":383,"column":39}},"384":{"start":{"line":384,"column":1},"end":{"line":384,"column":29}},"385":{"start":{"line":385,"column":0},"end":{"line":385,"column":15}},"386":{"start":{"line":386,"column":0},"end":{"line":386,"column":29}},"387":{"start":{"line":387,"column":1},"end":{"line":387,"column":29}},"388":{"start":{"line":388,"column":0},"end":{"line":388,"column":15}},"389":{"start":{"line":389,"column":0},"end":{"line":389,"column":29}},"390":{"start":{"line":390,"column":1},"end":{"line":390,"column":29}},"391":{"start":{"line":391,"column":0},"end":{"line":391,"column":15}},"392":{"start":{"line":392,"column":0},"end":{"line":392,"column":29}},"393":{"start":{"line":393,"column":1},"end":{"line":393,"column":29}},"394":{"start":{"line":394,"column":0},"end":{"line":394,"column":15}},"395":{"start":{"line":395,"column":0},"end":{"line":395,"column":29}},"396":{"start":{"line":396,"column":1},"end":{"line":396,"column":29}},"397":{"start":{"line":397,"column":0},"end":{"line":397,"column":15}},"398":{"start":{"line":398,"column":0},"end":{"line":398,"column":29}},"399":{"start":{"line":399,"column":1},"end":{"line":399,"column":29}},"400":{"start":{"line":400,"column":0},"end":{"line":400,"column":15}},"401":{"start":{"line":401,"column":0},"end":{"line":401,"column":29}},"402":{"start":{"line":402,"column":1},"end":{"line":402,"column":29}},"403":{"start":{"line":403,"column":0},"end":{"line":403,"column":15}},"404":{"start":{"line":404,"column":0},"end":{"line":404,"column":29}},"405":{"start":{"line":405,"column":1},"end":{"line":405,"column":29}},"406":{"start":{"line":406,"column":0},"end":{"line":406,"column":15}},"407":{"start":{"line":407,"column":0},"end":{"line":407,"column":39}},"408":{"start":{"line":408,"column":1},"end":{"line":408,"column":29}},"409":{"start":{"line":409,"column":0},"end":{"line":409,"column":15}},"410":{"start":{"line":410,"column":0},"end":{"line":410,"column":39}},"411":{"start":{"line":411,"column":1},"end":{"line":411,"column":29}},"412":{"start":{"line":412,"column":0},"end":{"line":412,"column":15}},"413":{"start":{"line":413,"column":0},"end":{"line":413,"column":39}},"414":{"start":{"line":414,"column":1},"end":{"line":414,"column":29}},"415":{"start":{"line":415,"column":0},"end":{"line":415,"column":15}},"416":{"start":{"line":416,"column":0},"end":{"line":416,"column":29}},"417":{"start":{"line":417,"column":1},"end":{"line":417,"column":29}},"418":{"start":{"line":418,"column":0},"end":{"line":418,"column":15}},"419":{"start":{"line":419,"column":0},"end":{"line":419,"column":9}},"420":{"start":{"line":420,"column":1},"end":{"line":420,"column":29}},"421":{"start":{"line":421,"column":0},"end":{"line":421,"column":15}},"422":{"start":{"line":422,"column":0},"end":{"line":422,"column":9}},"423":{"start":{"line":423,"column":1},"end":{"line":423,"column":29}},"424":{"start":{"line":424,"column":0},"end":{"line":424,"column":15}},"425":{"start":{"line":425,"column":0},"end":{"line":425,"column":9}},"426":{"start":{"line":426,"column":1},"end":{"line":426,"column":29}},"427":{"start":{"line":427,"column":0},"end":{"line":427,"column":15}},"428":{"start":{"line":428,"column":0},"end":{"line":428,"column":9}},"429":{"start":{"line":429,"column":1},"end":{"line":429,"column":29}},"430":{"start":{"line":430,"column":0},"end":{"line":430,"column":15}},"431":{"start":{"line":431,"column":0},"end":{"line":431,"column":9}},"432":{"start":{"line":432,"column":1},"end":{"line":432,"column":29}},"433":{"start":{"line":433,"column":0},"end":{"line":433,"column":15}},"434":{"start":{"line":434,"column":0},"end":{"line":434,"column":9}},"435":{"start":{"line":435,"column":1},"end":{"line":435,"column":29}},"436":{"start":{"line":436,"column":0},"end":{"line":436,"column":15}},"437":{"start":{"line":437,"column":0},"end":{"line":437,"column":9}},"438":{"start":{"line":438,"column":1},"end":{"line":438,"column":29}},"439":{"start":{"line":439,"column":0},"end":{"line":439,"column":15}},"440":{"start":{"line":440,"column":0},"end":{"line":440,"column":9}},"441":{"start":{"line":441,"column":1},"end":{"line":441,"column":29}},"442":{"start":{"line":442,"column":0},"end":{"line":442,"column":15}},"443":{"start":{"line":443,"column":0},"end":{"line":443,"column":9}},"444":{"start":{"line":444,"column":1},"end":{"line":444,"column":29}},"445":{"start":{"line":445,"column":0},"end":{"line":445,"column":15}},"446":{"start":{"line":446,"column":0},"end":{"line":446,"column":9}},"447":{"start":{"line":447,"column":1},"end":{"line":447,"column":29}},"448":{"start":{"line":448,"column":0},"end":{"line":448,"column":15}},"449":{"start":{"line":449,"column":0},"end":{"line":449,"column":9}},"450":{"start":{"line":450,"column":1},"end":{"line":450,"column":29}},"451":{"start":{"line":451,"column":0},"end":{"line":451,"column":15}},"452":{"start":{"line":452,"column":0},"end":{"line":452,"column":9}},"453":{"start":{"line":453,"column":1},"end":{"line":453,"column":29}},"454":{"start":{"line":454,"column":0},"end":{"line":454,"column":15}},"455":{"start":{"line":455,"column":0},"end":{"line":455,"column":9}},"456":{"start":{"line":456,"column":1},"end":{"line":456,"column":29}},"457":{"start":{"line":457,"column":0},"end":{"line":457,"column":15}},"458":{"start":{"line":458,"column":0},"end":{"line":458,"column":9}},"459":{"start":{"line":459,"column":1},"end":{"line":459,"column":29}},"460":{"start":{"line":460,"column":0},"end":{"line":460,"column":15}},"461":{"start":{"line":461,"column":0},"end":{"line":461,"column":9}},"462":{"start":{"line":462,"column":1},"end":{"line":462,"column":29}},"463":{"start":{"line":463,"column":0},"end":{"line":463,"column":15}},"464":{"start":{"line":464,"column":0},"end":{"line":464,"column":9}},"465":{"start":{"line":465,"column":1},"end":{"line":465,"column":29}},"466":{"start":{"line":466,"column":0},"end":{"line":466,"column":15}},"467":{"start":{"line":467,"column":0},"end":{"line":467,"column":9}},"468":{"start":{"line":468,"column":1},"end":{"line":468,"column":29}},"469":{"start":{"line":469,"column":0},"end":{"line":469,"column":15}},"470":{"start":{"line":470,"column":0},"end":{"line":470,"column":9}},"471":{"start":{"line":471,"column":1},"end":{"line":471,"column":29}},"472":{"start":{"line":472,"column":0},"end":{"line":472,"column":15}},"473":{"start":{"line":473,"column":0},"end":{"line":473,"column":9}},"474":{"start":{"line":474,"column":1},"end":{"line":474,"column":29}},"475":{"start":{"line":475,"column":0},"end":{"line":475,"column":15}},"476":{"start":{"line":476,"column":0},"end":{"line":476,"column":9}},"477":{"start":{"line":477,"column":1},"end":{"line":477,"column":29}},"478":{"start":{"line":478,"column":0},"end":{"line":478,"column":15}},"479":{"start":{"line":479,"column":0},"end":{"line":479,"column":9}},"480":{"start":{"line":480,"column":1},"end":{"line":480,"column":29}},"481":{"start":{"line":481,"column":0},"end":{"line":481,"column":15}},"482":{"start":{"line":482,"column":0},"end":{"line":482,"column":9}},"483":{"start":{"line":483,"column":1},"end":{"line":483,"column":29}},"484":{"start":{"line":484,"column":0},"end":{"line":484,"column":15}},"485":{"start":{"line":485,"column":0},"end":{"line":485,"column":9}},"486":{"start":{"line":486,"column":1},"end":{"line":486,"column":29}},"487":{"start":{"line":487,"column":0},"end":{"line":487,"column":15}},"488":{"start":{"line":488,"column":0},"end":{"line":488,"column":9}},"489":{"start":{"line":489,"column":1},"end":{"line":489,"column":29}},"490":{"start":{"line":490,"column":0},"end":{"line":490,"column":15}},"491":{"start":{"line":491,"column":0},"end":{"line":491,"column":9}},"492":{"start":{"line":492,"column":1},"end":{"line":492,"column":29}},"493":{"start":{"line":493,"column":0},"end":{"line":493,"column":15}},"494":{"start":{"line":494,"column":0},"end":{"line":494,"column":9}},"495":{"start":{"line":495,"column":1},"end":{"line":495,"column":29}},"496":{"start":{"line":496,"column":0},"end":{"line":496,"column":15}},"497":{"start":{"line":497,"column":0},"end":{"line":497,"column":9}},"498":{"start":{"line":498,"column":1},"end":{"line":498,"column":29}},"499":{"start":{"line":499,"column":0},"end":{"line":499,"column":15}},"500":{"start":{"line":500,"column":0},"end":{"line":500,"column":9}},"501":{"start":{"line":501,"column":1},"end":{"line":501,"column":29}},"502":{"start":{"line":502,"column":0},"end":{"line":502,"column":15}},"503":{"start":{"line":503,"column":0},"end":{"line":503,"column":9}},"504":{"start":{"line":504,"column":1},"end":{"line":504,"column":29}},"505":{"start":{"line":505,"column":0},"end":{"line":505,"column":15}},"506":{"start":{"line":506,"column":0},"end":{"line":506,"column":9}},"507":{"start":{"line":507,"column":1},"end":{"line":507,"column":29}},"508":{"start":{"line":508,"column":0},"end":{"line":508,"column":15}},"509":{"start":{"line":509,"column":0},"end":{"line":509,"column":25}},"510":{"start":{"line":510,"column":0},"end":{"line":510,"column":26}},"511":{"start":{"line":511,"column":0},"end":{"line":511,"column":35}},"512":{"start":{"line":512,"column":0},"end":{"line":512,"column":34}},"513":{"start":{"line":513,"column":0},"end":{"line":513,"column":36}},"514":{"start":{"line":514,"column":0},"end":{"line":514,"column":35}},"515":{"start":{"line":515,"column":0},"end":{"line":515,"column":35}},"516":{"start":{"line":516,"column":0},"end":{"line":516,"column":34}},"517":{"start":{"line":517,"column":0},"end":{"line":517,"column":36}},"518":{"start":{"line":518,"column":0},"end":{"line":518,"column":35}},"519":{"start":{"line":519,"column":0},"end":{"line":519,"column":32}},"520":{"start":{"line":520,"column":0},"end":{"line":520,"column":31}},"521":{"start":{"line":521,"column":0},"end":{"line":521,"column":33}},"522":{"start":{"line":522,"column":0},"end":{"line":522,"column":32}},"523":{"start":{"line":523,"column":0},"end":{"line":523,"column":32}},"524":{"start":{"line":524,"column":0},"end":{"line":524,"column":31}},"525":{"start":{"line":525,"column":0},"end":{"line":525,"column":33}},"526":{"start":{"line":526,"column":0},"end":{"line":526,"column":32}},"527":{"start":{"line":527,"column":0},"end":{"line":527,"column":30}},"528":{"start":{"line":528,"column":0},"end":{"line":528,"column":29}},"529":{"start":{"line":529,"column":0},"end":{"line":529,"column":31}},"530":{"start":{"line":530,"column":0},"end":{"line":530,"column":30}},"531":{"start":{"line":531,"column":0},"end":{"line":531,"column":30}},"532":{"start":{"line":532,"column":0},"end":{"line":532,"column":29}},"533":{"start":{"line":533,"column":0},"end":{"line":533,"column":31}},"534":{"start":{"line":534,"column":0},"end":{"line":534,"column":30}},"535":{"start":{"line":535,"column":0},"end":{"line":535,"column":32}},"536":{"start":{"line":536,"column":0},"end":{"line":536,"column":31}},"537":{"start":{"line":537,"column":0},"end":{"line":537,"column":33}},"538":{"start":{"line":538,"column":0},"end":{"line":538,"column":32}},"539":{"start":{"line":539,"column":0},"end":{"line":539,"column":32}},"540":{"start":{"line":540,"column":0},"end":{"line":540,"column":31}},"541":{"start":{"line":541,"column":0},"end":{"line":541,"column":33}},"542":{"start":{"line":542,"column":0},"end":{"line":542,"column":32}},"543":{"start":{"line":543,"column":0},"end":{"line":543,"column":35}},"544":{"start":{"line":544,"column":0},"end":{"line":544,"column":34}},"545":{"start":{"line":545,"column":0},"end":{"line":545,"column":36}},"546":{"start":{"line":546,"column":0},"end":{"line":546,"column":35}},"547":{"start":{"line":547,"column":0},"end":{"line":547,"column":35}},"548":{"start":{"line":548,"column":0},"end":{"line":548,"column":34}},"549":{"start":{"line":549,"column":0},"end":{"line":549,"column":36}},"550":{"start":{"line":550,"column":0},"end":{"line":550,"column":35}},"551":{"start":{"line":551,"column":0},"end":{"line":551,"column":54}},"552":{"start":{"line":552,"column":0},"end":{"line":552,"column":56}},"553":{"start":{"line":553,"column":0},"end":{"line":553,"column":22}},"554":{"start":{"line":554,"column":0},"end":{"line":554,"column":39}},"555":{"start":{"line":555,"column":0},"end":{"line":555,"column":40}},"556":{"start":{"line":556,"column":0},"end":{"line":556,"column":28}},"557":{"start":{"line":557,"column":0},"end":{"line":557,"column":28}},"558":{"start":{"line":558,"column":0},"end":{"line":558,"column":25}},"559":{"start":{"line":559,"column":0},"end":{"line":559,"column":26}},"560":{"start":{"line":560,"column":0},"end":{"line":560,"column":35}},"561":{"start":{"line":561,"column":0},"end":{"line":561,"column":34}},"562":{"start":{"line":562,"column":0},"end":{"line":562,"column":36}},"563":{"start":{"line":563,"column":0},"end":{"line":563,"column":35}},"564":{"start":{"line":564,"column":0},"end":{"line":564,"column":35}},"565":{"start":{"line":565,"column":0},"end":{"line":565,"column":34}},"566":{"start":{"line":566,"column":0},"end":{"line":566,"column":36}},"567":{"start":{"line":567,"column":0},"end":{"line":567,"column":35}},"568":{"start":{"line":568,"column":0},"end":{"line":568,"column":32}},"569":{"start":{"line":569,"column":0},"end":{"line":569,"column":31}},"570":{"start":{"line":570,"column":0},"end":{"line":570,"column":33}},"571":{"start":{"line":571,"column":0},"end":{"line":571,"column":32}},"572":{"start":{"line":572,"column":0},"end":{"line":572,"column":32}},"573":{"start":{"line":573,"column":0},"end":{"line":573,"column":31}},"574":{"start":{"line":574,"column":0},"end":{"line":574,"column":33}},"575":{"start":{"line":575,"column":0},"end":{"line":575,"column":32}},"576":{"start":{"line":576,"column":0},"end":{"line":576,"column":30}},"577":{"start":{"line":577,"column":0},"end":{"line":577,"column":29}},"578":{"start":{"line":578,"column":0},"end":{"line":578,"column":31}},"579":{"start":{"line":579,"column":0},"end":{"line":579,"column":30}},"580":{"start":{"line":580,"column":0},"end":{"line":580,"column":30}},"581":{"start":{"line":581,"column":0},"end":{"line":581,"column":29}},"582":{"start":{"line":582,"column":0},"end":{"line":582,"column":31}},"583":{"start":{"line":583,"column":0},"end":{"line":583,"column":30}},"584":{"start":{"line":584,"column":0},"end":{"line":584,"column":32}},"585":{"start":{"line":585,"column":0},"end":{"line":585,"column":31}},"586":{"start":{"line":586,"column":0},"end":{"line":586,"column":33}},"587":{"start":{"line":587,"column":0},"end":{"line":587,"column":32}},"588":{"start":{"line":588,"column":0},"end":{"line":588,"column":32}},"589":{"start":{"line":589,"column":0},"end":{"line":589,"column":31}},"590":{"start":{"line":590,"column":0},"end":{"line":590,"column":33}},"591":{"start":{"line":591,"column":0},"end":{"line":591,"column":32}},"592":{"start":{"line":592,"column":0},"end":{"line":592,"column":35}},"593":{"start":{"line":593,"column":0},"end":{"line":593,"column":34}},"594":{"start":{"line":594,"column":0},"end":{"line":594,"column":36}},"595":{"start":{"line":595,"column":0},"end":{"line":595,"column":35}},"596":{"start":{"line":596,"column":0},"end":{"line":596,"column":35}},"597":{"start":{"line":597,"column":0},"end":{"line":597,"column":34}},"598":{"start":{"line":598,"column":0},"end":{"line":598,"column":36}},"599":{"start":{"line":599,"column":0},"end":{"line":599,"column":35}},"600":{"start":{"line":600,"column":0},"end":{"line":600,"column":54}},"601":{"start":{"line":601,"column":0},"end":{"line":601,"column":56}},"602":{"start":{"line":602,"column":0},"end":{"line":602,"column":22}},"603":{"start":{"line":603,"column":0},"end":{"line":603,"column":39}},"604":{"start":{"line":604,"column":0},"end":{"line":604,"column":40}},"605":{"start":{"line":605,"column":0},"end":{"line":605,"column":28}},"606":{"start":{"line":606,"column":0},"end":{"line":606,"column":28}},"607":{"start":{"line":607,"column":0},"end":{"line":607,"column":25}},"608":{"start":{"line":608,"column":0},"end":{"line":608,"column":26}},"609":{"start":{"line":609,"column":0},"end":{"line":609,"column":35}},"610":{"start":{"line":610,"column":0},"end":{"line":610,"column":34}},"611":{"start":{"line":611,"column":0},"end":{"line":611,"column":36}},"612":{"start":{"line":612,"column":0},"end":{"line":612,"column":35}},"613":{"start":{"line":613,"column":0},"end":{"line":613,"column":35}},"614":{"start":{"line":614,"column":0},"end":{"line":614,"column":34}},"615":{"start":{"line":615,"column":0},"end":{"line":615,"column":36}},"616":{"start":{"line":616,"column":0},"end":{"line":616,"column":35}},"617":{"start":{"line":617,"column":0},"end":{"line":617,"column":32}},"618":{"start":{"line":618,"column":0},"end":{"line":618,"column":31}},"619":{"start":{"line":619,"column":0},"end":{"line":619,"column":33}},"620":{"start":{"line":620,"column":0},"end":{"line":620,"column":32}},"621":{"start":{"line":621,"column":0},"end":{"line":621,"column":32}},"622":{"start":{"line":622,"column":0},"end":{"line":622,"column":31}},"623":{"start":{"line":623,"column":0},"end":{"line":623,"column":33}},"624":{"start":{"line":624,"column":0},"end":{"line":624,"column":32}},"625":{"start":{"line":625,"column":0},"end":{"line":625,"column":30}},"626":{"start":{"line":626,"column":0},"end":{"line":626,"column":29}},"627":{"start":{"line":627,"column":0},"end":{"line":627,"column":31}},"628":{"start":{"line":628,"column":0},"end":{"line":628,"column":30}},"629":{"start":{"line":629,"column":0},"end":{"line":629,"column":30}},"630":{"start":{"line":630,"column":0},"end":{"line":630,"column":29}},"631":{"start":{"line":631,"column":0},"end":{"line":631,"column":31}},"632":{"start":{"line":632,"column":0},"end":{"line":632,"column":30}},"633":{"start":{"line":633,"column":0},"end":{"line":633,"column":32}},"634":{"start":{"line":634,"column":0},"end":{"line":634,"column":31}},"635":{"start":{"line":635,"column":0},"end":{"line":635,"column":33}},"636":{"start":{"line":636,"column":0},"end":{"line":636,"column":32}},"637":{"start":{"line":637,"column":0},"end":{"line":637,"column":32}},"638":{"start":{"line":638,"column":0},"end":{"line":638,"column":31}},"639":{"start":{"line":639,"column":0},"end":{"line":639,"column":33}},"640":{"start":{"line":640,"column":0},"end":{"line":640,"column":32}},"641":{"start":{"line":641,"column":0},"end":{"line":641,"column":35}},"642":{"start":{"line":642,"column":0},"end":{"line":642,"column":34}},"643":{"start":{"line":643,"column":0},"end":{"line":643,"column":36}},"644":{"start":{"line":644,"column":0},"end":{"line":644,"column":35}},"645":{"start":{"line":645,"column":0},"end":{"line":645,"column":35}},"646":{"start":{"line":646,"column":0},"end":{"line":646,"column":34}},"647":{"start":{"line":647,"column":0},"end":{"line":647,"column":36}},"648":{"start":{"line":648,"column":0},"end":{"line":648,"column":35}},"649":{"start":{"line":649,"column":0},"end":{"line":649,"column":54}},"650":{"start":{"line":650,"column":0},"end":{"line":650,"column":56}},"651":{"start":{"line":651,"column":0},"end":{"line":651,"column":22}},"652":{"start":{"line":652,"column":0},"end":{"line":652,"column":39}},"653":{"start":{"line":653,"column":0},"end":{"line":653,"column":40}},"654":{"start":{"line":654,"column":0},"end":{"line":654,"column":28}},"655":{"start":{"line":655,"column":0},"end":{"line":655,"column":28}}},"branchMap":{}},"/Users/Huangying/Repositories/DevOps_HW2/subject.js":{"path":"/Users/Huangying/Repositories/DevOps_HW2/subject.js","s":{"1":1,"2":1,"3":12,"4":12,"5":12,"6":6,"7":12,"8":1,"9":240,"10":60,"11":180,"12":90,"13":36,"14":54,"15":18,"16":90,"17":54,"18":132,"19":1,"20":12,"21":12,"22":0,"23":0,"24":0,"25":0,"26":0,"27":0,"28":0,"29":0,"30":1,"31":143,"32":1,"33":143,"34":137,"35":143,"36":0,"37":143,"38":1,"39":131,"40":131,"41":131,"42":0,"43":131,"44":1,"45":1,"46":1,"47":1,"48":1,"49":1},"b":{"1":[12,0],"2":[6,6],"3":[60,180],"4":[240,120],"5":[90,90],"6":[36,54],"7":[18,36],"8":[54,36],"9":[12,0],"10":[0,0],"11":[0,0],"12":[0,0],"13":[137,6],"14":[143,12],"15":[0,131]},"f":{"1":12,"2":240,"3":12,"4":143,"5":143,"6":131},"fnMap":{"1":{"name":"inc","line":3,"loc":{"start":{"line":3,"column":0},"end":{"line":3,"column":18}}},"2":{"name":"weird","line":12,"loc":{"start":{"line":12,"column":0},"end":{"line":13,"column":0}}},"3":{"name":"fileTest","line":40,"loc":{"start":{"line":40,"column":0},"end":{"line":41,"column":0}}},"4":{"name":"normalize","line":64,"loc":{"start":{"line":64,"column":0},"end":{"line":64,"column":32}}},"5":{"name":"format","line":73,"loc":{"start":{"line":73,"column":0},"end":{"line":74,"column":0}}},"6":{"name":"blackListNumber","line":88,"loc":{"start":{"line":88,"column":0},"end":{"line":89,"column":0}}}},"statementMap":{"1":{"start":{"line":1,"column":0},"end":{"line":1,"column":23}},"2":{"start":{"line":3,"column":0},"end":{"line":10,"column":1}},"3":{"start":{"line":4,"column":3},"end":{"line":4,"column":26}},"4":{"start":{"line":4,"column":21},"end":{"line":4,"column":26}},"5":{"start":{"line":5,"column":3},"end":{"line":8,"column":4}},"6":{"start":{"line":7,"column":4},"end":{"line":7,"column":11}},"7":{"start":{"line":9,"column":3},"end":{"line":9,"column":18}},"8":{"start":{"line":12,"column":0},"end":{"line":37,"column":1}},"9":{"start":{"line":14,"column":4},"end":{"line":35,"column":5}},"10":{"start":{"line":16,"column":8},"end":{"line":16,"column":15}},"11":{"start":{"line":18,"column":9},"end":{"line":35,"column":5}},"12":{"start":{"line":20,"column":8},"end":{"line":27,"column":9}},"13":{"start":{"line":22,"column":12},"end":{"line":22,"column":21}},"14":{"start":{"line":24,"column":13},"end":{"line":27,"column":9}},"15":{"start":{"line":26,"column":12},"end":{"line":26,"column":21}},"16":{"start":{"line":31,"column":8},"end":{"line":34,"column":9}},"17":{"start":{"line":33,"column":12},"end":{"line":33,"column":29}},"18":{"start":{"line":36,"column":4},"end":{"line":36,"column":13}},"19":{"start":{"line":40,"column":0},"end":{"line":62,"column":1}},"20":{"start":{"line":42,"column":1},"end":{"line":45,"column":5}},"21":{"start":{"line":44,"column":8},"end":{"line":44,"column":21}},"22":{"start":{"line":47,"column":4},"end":{"line":47,"column":36}},"23":{"start":{"line":48,"column":4},"end":{"line":51,"column":5}},"24":{"start":{"line":50,"column":8},"end":{"line":50,"column":21}},"25":{"start":{"line":53,"column":3},"end":{"line":61,"column":2}},"26":{"start":{"line":55,"column":2},"end":{"line":55,"column":46}},"27":{"start":{"line":56,"column":2},"end":{"line":59,"column":3}},"28":{"start":{"line":58,"column":3},"end":{"line":58,"column":15}},"29":{"start":{"line":60,"column":2},"end":{"line":60,"column":15}},"30":{"start":{"line":64,"column":0},"end":{"line":71,"column":1}},"31":{"start":{"line":66,"column":4},"end":{"line":69,"column":6}},"32":{"start":{"line":73,"column":0},"end":{"line":86,"column":1}},"33":{"start":{"line":76,"column":4},"end":{"line":78,"column":5}},"34":{"start":{"line":77,"column":6},"end":{"line":77,"column":42}},"35":{"start":{"line":80,"column":4},"end":{"line":82,"column":5}},"36":{"start":{"line":81,"column":6},"end":{"line":81,"column":63}},"37":{"start":{"line":84,"column":4},"end":{"line":84,"column":24}},"38":{"start":{"line":88,"column":0},"end":{"line":97,"column":1}},"39":{"start":{"line":90,"column":1},"end":{"line":90,"column":49}},"40":{"start":{"line":91,"column":1},"end":{"line":91,"column":31}},"41":{"start":{"line":92,"column":1},"end":{"line":95,"column":2}},"42":{"start":{"line":94,"column":2},"end":{"line":94,"column":14}},"43":{"start":{"line":96,"column":1},"end":{"line":96,"column":14}},"44":{"start":{"line":99,"column":0},"end":{"line":99,"column":28}},"45":{"start":{"line":100,"column":0},"end":{"line":100,"column":30}},"46":{"start":{"line":101,"column":0},"end":{"line":101,"column":24}},"47":{"start":{"line":102,"column":0},"end":{"line":102,"column":18}},"48":{"start":{"line":103,"column":0},"end":{"line":103,"column":22}},"49":{"start":{"line":104,"column":0},"end":{"line":104,"column":42}}},"branchMap":{"1":{"line":4,"type":"if","locations":[{"start":{"line":4,"column":3},"end":{"line":4,"column":3}},{"start":{"line":4,"column":3},"end":{"line":4,"column":3}}]},"2":{"line":5,"type":"if","locations":[{"start":{"line":5,"column":3},"end":{"line":5,"column":3}},{"start":{"line":5,"column":3},"end":{"line":5,"column":3}}]},"3":{"line":14,"type":"if","locations":[{"start":{"line":14,"column":4},"end":{"line":14,"column":4}},{"start":{"line":14,"column":4},"end":{"line":14,"column":4}}]},"4":{"line":14,"type":"binary-expr","locations":[{"start":{"line":14,"column":8},"end":{"line":14,"column":13}},{"start":{"line":14,"column":17},"end":{"line":14,"column":22}}]},"5":{"line":18,"type":"if","locations":[{"start":{"line":18,"column":9},"end":{"line":18,"column":9}},{"start":{"line":18,"column":9},"end":{"line":18,"column":9}}]},"6":{"line":20,"type":"if","locations":[{"start":{"line":20,"column":8},"end":{"line":20,"column":8}},{"start":{"line":20,"column":8},"end":{"line":20,"column":8}}]},"7":{"line":24,"type":"if","locations":[{"start":{"line":24,"column":13},"end":{"line":24,"column":13}},{"start":{"line":24,"column":13},"end":{"line":24,"column":13}}]},"8":{"line":31,"type":"if","locations":[{"start":{"line":31,"column":8},"end":{"line":31,"column":8}},{"start":{"line":31,"column":8},"end":{"line":31,"column":8}}]},"9":{"line":42,"type":"if","locations":[{"start":{"line":42,"column":1},"end":{"line":42,"column":1}},{"start":{"line":42,"column":1},"end":{"line":42,"column":1}}]},"10":{"line":48,"type":"if","locations":[{"start":{"line":48,"column":4},"end":{"line":48,"column":4}},{"start":{"line":48,"column":4},"end":{"line":48,"column":4}}]},"11":{"line":53,"type":"if","locations":[{"start":{"line":53,"column":3},"end":{"line":53,"column":3}},{"start":{"line":53,"column":3},"end":{"line":53,"column":3}}]},"12":{"line":56,"type":"if","locations":[{"start":{"line":56,"column":2},"end":{"line":56,"column":2}},{"start":{"line":56,"column":2},"end":{"line":56,"column":2}}]},"13":{"line":76,"type":"if","locations":[{"start":{"line":76,"column":4},"end":{"line":76,"column":4}},{"start":{"line":76,"column":4},"end":{"line":76,"column":4}}]},"14":{"line":76,"type":"binary-expr","locations":[{"start":{"line":76,"column":8},"end":{"line":76,"column":16}},{"start":{"line":76,"column":20},"end":{"line":76,"column":38}}]},"15":{"line":92,"type":"if","locations":[{"start":{"line":92,"column":1},"end":{"line":92,"column":1}},{"start":{"line":92,"column":1},"end":{"line":92,"column":1}}]}}}}