{"/Users/Huangying/Repositories/DevOps_HW2/test.js":{"path":"/Users/Huangying/Repositories/DevOps_HW2/test.js","s":{"1":1,"2":1,"3":1,"4":1,"5":1,"6":1,"7":1,"8":1,"9":1,"10":1,"11":1,"12":1,"13":1,"14":1,"15":1,"16":1,"17":1,"18":1,"19":1,"20":1,"21":1,"22":1,"23":1,"24":1,"25":1,"26":1,"27":1,"28":1,"29":1,"30":1,"31":1,"32":1,"33":1,"34":1,"35":1,"36":1,"37":1,"38":1,"39":1,"40":1,"41":1,"42":1,"43":1,"44":1,"45":1,"46":1,"47":1,"48":1,"49":1,"50":1,"51":1,"52":1,"53":1,"54":1,"55":1,"56":1,"57":1,"58":1},"b":{},"f":{},"fnMap":{},"statementMap":{"1":{"start":{"line":1,"column":0},"end":{"line":1,"column":37}},"2":{"start":{"line":2,"column":0},"end":{"line":2,"column":30}},"3":{"start":{"line":3,"column":0},"end":{"line":3,"column":26}},"4":{"start":{"line":4,"column":0},"end":{"line":4,"column":26}},"5":{"start":{"line":5,"column":0},"end":{"line":5,"column":54}},"6":{"start":{"line":6,"column":0},"end":{"line":6,"column":56}},"7":{"start":{"line":7,"column":0},"end":{"line":7,"column":22}},"8":{"start":{"line":8,"column":0},"end":{"line":8,"column":45}},"9":{"start":{"line":9,"column":0},"end":{"line":9,"column":46}},"10":{"start":{"line":10,"column":0},"end":{"line":10,"column":28}},"11":{"start":{"line":11,"column":0},"end":{"line":11,"column":28}},"12":{"start":{"line":12,"column":0},"end":{"line":12,"column":26}},"13":{"start":{"line":13,"column":0},"end":{"line":13,"column":26}},"14":{"start":{"line":14,"column":0},"end":{"line":14,"column":54}},"15":{"start":{"line":15,"column":0},"end":{"line":15,"column":56}},"16":{"start":{"line":16,"column":0},"end":{"line":16,"column":22}},"17":{"start":{"line":17,"column":0},"end":{"line":17,"column":45}},"18":{"start":{"line":18,"column":0},"end":{"line":18,"column":46}},"19":{"start":{"line":19,"column":0},"end":{"line":19,"column":28}},"20":{"start":{"line":20,"column":0},"end":{"line":20,"column":78}},"21":{"start":{"line":21,"column":1},"end":{"line":21,"column":29}},"22":{"start":{"line":22,"column":0},"end":{"line":22,"column":15}},"23":{"start":{"line":23,"column":0},"end":{"line":23,"column":47}},"24":{"start":{"line":24,"column":1},"end":{"line":24,"column":29}},"25":{"start":{"line":25,"column":0},"end":{"line":25,"column":15}},"26":{"start":{"line":26,"column":0},"end":{"line":26,"column":29}},"27":{"start":{"line":27,"column":1},"end":{"line":27,"column":29}},"28":{"start":{"line":28,"column":0},"end":{"line":28,"column":15}},"29":{"start":{"line":29,"column":0},"end":{"line":29,"column":9}},"30":{"start":{"line":30,"column":1},"end":{"line":30,"column":29}},"31":{"start":{"line":31,"column":0},"end":{"line":31,"column":15}},"32":{"start":{"line":32,"column":0},"end":{"line":32,"column":26}},"33":{"start":{"line":33,"column":0},"end":{"line":33,"column":26}},"34":{"start":{"line":34,"column":0},"end":{"line":34,"column":54}},"35":{"start":{"line":35,"column":0},"end":{"line":35,"column":56}},"36":{"start":{"line":36,"column":0},"end":{"line":36,"column":22}},"37":{"start":{"line":37,"column":0},"end":{"line":37,"column":45}},"38":{"start":{"line":38,"column":0},"end":{"line":38,"column":46}},"39":{"start":{"line":39,"column":0},"end":{"line":39,"column":28}},"40":{"start":{"line":40,"column":0},"end":{"line":40,"column":28}},"41":{"start":{"line":41,"column":0},"end":{"line":41,"column":26}},"42":{"start":{"line":42,"column":0},"end":{"line":42,"column":26}},"43":{"start":{"line":43,"column":0},"end":{"line":43,"column":54}},"44":{"start":{"line":44,"column":0},"end":{"line":44,"column":56}},"45":{"start":{"line":45,"column":0},"end":{"line":45,"column":22}},"46":{"start":{"line":46,"column":0},"end":{"line":46,"column":45}},"47":{"start":{"line":47,"column":0},"end":{"line":47,"column":46}},"48":{"start":{"line":48,"column":0},"end":{"line":48,"column":28}},"49":{"start":{"line":49,"column":0},"end":{"line":49,"column":28}},"50":{"start":{"line":50,"column":0},"end":{"line":50,"column":26}},"51":{"start":{"line":51,"column":0},"end":{"line":51,"column":26}},"52":{"start":{"line":52,"column":0},"end":{"line":52,"column":54}},"53":{"start":{"line":53,"column":0},"end":{"line":53,"column":56}},"54":{"start":{"line":54,"column":0},"end":{"line":54,"column":22}},"55":{"start":{"line":55,"column":0},"end":{"line":55,"column":45}},"56":{"start":{"line":56,"column":0},"end":{"line":56,"column":46}},"57":{"start":{"line":57,"column":0},"end":{"line":57,"column":28}},"58":{"start":{"line":58,"column":0},"end":{"line":58,"column":28}}},"branchMap":{}},"/Users/Huangying/Repositories/DevOps_HW2/mystery.js":{"path":"/Users/Huangying/Repositories/DevOps_HW2/mystery.js","s":{"1":1,"2":1,"3":10,"4":10,"5":10,"6":5,"7":10,"8":1,"9":10,"10":10,"11":0,"12":0,"13":0,"14":0,"15":0,"16":1,"17":23,"18":1,"19":23,"20":18,"21":23,"22":0,"23":23,"24":1,"25":13,"26":13,"27":13,"28":0,"29":13,"30":1,"31":1,"32":1,"33":1,"34":1},"b":{"1":[10,0],"2":[5,5],"3":[10,0],"4":[0,0],"5":[0,0],"6":[18,5],"7":[23,10],"8":[0,13]},"f":{"1":10,"2":10,"3":23,"4":23,"5":13},"fnMap":{"1":{"name":"inc","line":3,"loc":{"start":{"line":3,"column":0},"end":{"line":3,"column":18}}},"2":{"name":"fileTest","line":15,"loc":{"start":{"line":15,"column":0},"end":{"line":16,"column":0}}},"3":{"name":"normalize","line":32,"loc":{"start":{"line":32,"column":0},"end":{"line":32,"column":32}}},"4":{"name":"format","line":41,"loc":{"start":{"line":41,"column":0},"end":{"line":42,"column":0}}},"5":{"name":"blackListNumber","line":56,"loc":{"start":{"line":56,"column":0},"end":{"line":57,"column":0}}}},"statementMap":{"1":{"start":{"line":1,"column":0},"end":{"line":1,"column":23}},"2":{"start":{"line":3,"column":0},"end":{"line":12,"column":1}},"3":{"start":{"line":4,"column":4},"end":{"line":4,"column":27}},"4":{"start":{"line":4,"column":22},"end":{"line":4,"column":27}},"5":{"start":{"line":6,"column":3},"end":{"line":9,"column":4}},"6":{"start":{"line":8,"column":4},"end":{"line":8,"column":11}},"7":{"start":{"line":11,"column":4},"end":{"line":11,"column":19}},"8":{"start":{"line":15,"column":0},"end":{"line":30,"column":1}},"9":{"start":{"line":17,"column":1},"end":{"line":19,"column":2}},"10":{"start":{"line":18,"column":4},"end":{"line":18,"column":17}},"11":{"start":{"line":21,"column":3},"end":{"line":29,"column":2}},"12":{"start":{"line":23,"column":2},"end":{"line":23,"column":46}},"13":{"start":{"line":24,"column":2},"end":{"line":27,"column":3}},"14":{"start":{"line":26,"column":3},"end":{"line":26,"column":15}},"15":{"start":{"line":28,"column":2},"end":{"line":28,"column":15}},"16":{"start":{"line":32,"column":0},"end":{"line":39,"column":1}},"17":{"start":{"line":34,"column":4},"end":{"line":37,"column":6}},"18":{"start":{"line":41,"column":0},"end":{"line":54,"column":1}},"19":{"start":{"line":44,"column":4},"end":{"line":46,"column":5}},"20":{"start":{"line":45,"column":6},"end":{"line":45,"column":42}},"21":{"start":{"line":48,"column":4},"end":{"line":50,"column":5}},"22":{"start":{"line":49,"column":6},"end":{"line":49,"column":63}},"23":{"start":{"line":52,"column":4},"end":{"line":52,"column":24}},"24":{"start":{"line":56,"column":0},"end":{"line":65,"column":1}},"25":{"start":{"line":58,"column":1},"end":{"line":58,"column":49}},"26":{"start":{"line":59,"column":1},"end":{"line":59,"column":31}},"27":{"start":{"line":60,"column":1},"end":{"line":63,"column":2}},"28":{"start":{"line":62,"column":2},"end":{"line":62,"column":14}},"29":{"start":{"line":64,"column":1},"end":{"line":64,"column":14}},"30":{"start":{"line":67,"column":0},"end":{"line":67,"column":28}},"31":{"start":{"line":68,"column":0},"end":{"line":68,"column":30}},"32":{"start":{"line":69,"column":0},"end":{"line":69,"column":24}},"33":{"start":{"line":70,"column":0},"end":{"line":70,"column":18}},"34":{"start":{"line":71,"column":0},"end":{"line":71,"column":42}}},"branchMap":{"1":{"line":4,"type":"if","locations":[{"start":{"line":4,"column":4},"end":{"line":4,"column":4}},{"start":{"line":4,"column":4},"end":{"line":4,"column":4}}]},"2":{"line":6,"type":"if","locations":[{"start":{"line":6,"column":3},"end":{"line":6,"column":3}},{"start":{"line":6,"column":3},"end":{"line":6,"column":3}}]},"3":{"line":17,"type":"if","locations":[{"start":{"line":17,"column":1},"end":{"line":17,"column":1}},{"start":{"line":17,"column":1},"end":{"line":17,"column":1}}]},"4":{"line":21,"type":"if","locations":[{"start":{"line":21,"column":3},"end":{"line":21,"column":3}},{"start":{"line":21,"column":3},"end":{"line":21,"column":3}}]},"5":{"line":24,"type":"if","locations":[{"start":{"line":24,"column":2},"end":{"line":24,"column":2}},{"start":{"line":24,"column":2},"end":{"line":24,"column":2}}]},"6":{"line":44,"type":"if","locations":[{"start":{"line":44,"column":4},"end":{"line":44,"column":4}},{"start":{"line":44,"column":4},"end":{"line":44,"column":4}}]},"7":{"line":44,"type":"binary-expr","locations":[{"start":{"line":44,"column":8},"end":{"line":44,"column":16}},{"start":{"line":44,"column":20},"end":{"line":44,"column":44}}]},"8":{"line":60,"type":"if","locations":[{"start":{"line":60,"column":1},"end":{"line":60,"column":1}},{"start":{"line":60,"column":1},"end":{"line":60,"column":1}}]}}}}