TN:
SF:/Users/Huangying/Repositories/DevOps_HW2/test.js
FNF:0
FNH:0
DA:1,1
DA:2,1
DA:3,1
DA:4,1
DA:5,1
DA:6,1
DA:7,1
DA:8,1
DA:9,1
DA:10,1
DA:11,1
DA:12,1
DA:13,1
DA:14,1
DA:15,1
DA:16,1
DA:17,1
DA:18,1
DA:19,1
DA:20,1
DA:21,1
DA:22,1
DA:23,1
DA:24,1
DA:25,1
DA:26,1
DA:27,1
DA:28,1
DA:29,1
DA:30,1
DA:31,1
DA:32,1
DA:33,1
DA:34,1
DA:35,1
DA:36,1
DA:37,1
DA:38,1
DA:39,1
DA:40,1
DA:41,1
DA:42,1
DA:43,1
DA:44,1
DA:45,1
DA:46,1
DA:47,1
DA:48,1
DA:49,1
DA:50,1
DA:51,1
DA:52,1
DA:53,1
DA:54,1
DA:55,1
DA:56,1
DA:57,1
DA:58,1
LF:58
LH:58
BRF:0
BRH:0
end_of_record
TN:
SF:/Users/Huangying/Repositories/DevOps_HW2/mystery.js
FN:3,inc
FN:15,fileTest
FN:32,normalize
FN:41,format
FN:56,blackListNumber
FNF:5
FNH:5
FNDA:10,inc
FNDA:10,fileTest
FNDA:23,normalize
FNDA:23,format
FNDA:13,blackListNumber
DA:1,1
DA:3,1
DA:4,10
DA:6,10
DA:8,5
DA:11,10
DA:15,1
DA:17,10
DA:18,10
DA:21,0
DA:23,0
DA:24,0
DA:26,0
DA:28,0
DA:32,1
DA:34,23
DA:41,1
DA:44,23
DA:45,18
DA:48,23
DA:49,0
DA:52,23
DA:56,1
DA:58,13
DA:59,13
DA:60,13
DA:62,0
DA:64,13
DA:67,1
DA:68,1
DA:69,1
DA:70,1
DA:71,1
LF:33
LH:26
BRDA:4,1,0,10
BRDA:4,1,1,0
BRDA:6,2,0,5
BRDA:6,2,1,5
BRDA:17,3,0,10
BRDA:17,3,1,0
BRDA:21,4,0,0
BRDA:21,4,1,0
BRDA:24,5,0,0
BRDA:24,5,1,0
BRDA:44,6,0,18
BRDA:44,6,1,5
BRDA:44,7,0,23
BRDA:44,7,1,10
BRDA:60,8,0,0
BRDA:60,8,1,13
BRF:16
BRH:9
end_of_record
